<?xml version="1.0" encoding="UTF-8"?>
<!-- Generated by org.testng.reporters.JUnitReportReporter -->
<testsuite skipped="0" hostname="DESKTOP-8R9F2IH" name="ValTechObjectRep.ValTech_HomeScript" tests="1" failures="0" timestamp="22 Apr 2019 11:18:43 GMT" time="8.623" errors="0">
  <testcase name="MainHomeButton" time="8.623" classname="ValTechObjectRep.ValTech_HomeScript"/>
</testsuite> <!-- ValTechObjectRep.ValTech_HomeScript -->
