<?xml version="1.0" encoding="UTF-8"?>
<!-- Generated by org.testng.reporters.JUnitReportReporter -->
<testsuite skipped="0" hostname="DESKTOP-8R9F2IH" name="ValTech_Scripts.ValTech_Exercise_1_2" tests="1" failures="0" timestamp="22 Apr 2019 19:18:51 GMT" time="57.364" errors="0">
  <testcase name="MainHomeButton" time="57.364" classname="ValTech_Scripts.ValTech_Exercise_1_2"/>
</testsuite> <!-- ValTech_Scripts.ValTech_Exercise_1_2 -->
