<?xml version="1.0" encoding="UTF-8"?>
<!-- Generated by org.testng.reporters.JUnitReportReporter -->
<testsuite skipped="0" hostname="DESKTOP-8R9F2IH" name="ValTech_Scripts.ValTech_Exercise4" tests="1" failures="0" timestamp="22 Apr 2019 19:44:54 GMT" time="19.268" errors="0">
  <testcase name="Exc4" time="19.268" classname="ValTech_Scripts.ValTech_Exercise4"/>
</testsuite> <!-- ValTech_Scripts.ValTech_Exercise4 -->
