<?xml version="1.0" encoding="UTF-8"?>
<!-- Generated by org.testng.reporters.JUnitReportReporter -->
<testsuite skipped="0" hostname="DESKTOP-8R9F2IH" name="ValTechObjectRep.ValTech_Offices" tests="1" failures="0" timestamp="22 Apr 2019 14:19:34 GMT" time="13.202" errors="0">
  <testcase name="Exc4" time="13.202" classname="ValTechObjectRep.ValTech_Offices"/>
</testsuite> <!-- ValTechObjectRep.ValTech_Offices -->
