<?xml version="1.0" encoding="UTF-8"?>
<!-- Generated by org.testng.reporters.JUnitReportReporter -->
<testsuite skipped="0" hostname="DESKTOP-8R9F2IH" name="ValTech_Scripts.ValTech_Exercise3" tests="1" failures="0" timestamp="22 Apr 2019 19:46:01 GMT" time="23.873" errors="0">
  <testcase name="MainHomeButton" time="23.873" classname="ValTech_Scripts.ValTech_Exercise3"/>
</testsuite> <!-- ValTech_Scripts.ValTech_Exercise3 -->
